<?xml version="1.0" encoding="UTF-8"?>
<!-- Generated by org.testng.reporters.JUnitXMLReporter -->
<testsuite hostname="yf-003" ignored="0" name="LoginTest" tests="5" failures="0" timestamp="30 三月 2017 09:02:26 GMT" time="35.912" errors="0">
  <testcase name="Text1" time="0.0" classname="com.ontime.testscripts.LoginTest"/>
  <testcase name="Text2" time="0.001" classname="com.ontime.testscripts.LoginTest"/>
  <testcase name="Text3" time="0.001" classname="com.ontime.testscripts.LoginTest"/>
  <testcase name="Text4" time="0.0" classname="com.ontime.testscripts.LoginTest"/>
  <testcase name="loginTestCase" time="5.074" classname="com.ontime.testscripts.LoginTest"/>
</testsuite> <!-- LoginTest -->
